[03/May/2026 04:32:26] "GET /webhook/ HTTP/1.1" 200 5802
Not Found: /hybridaction/zybTrackerStatisticsAction
Not Found: /hybridaction/zybTrackerStatisticsAction
[03/May/2026 04:32:27] "GET /hybridaction/zybTrackerStatisticsAction?data=%7B%7D&__callback__=__cb__zybTrackerStatisticsAction__efcfd26e_5b94_43ec_bff5_0db934dfb7bd__1 HTTP/1.1" 404 2467
[03/May/2026 04:32:27] "GET /hybridaction/zybTrackerStatisticsAction?data=%7B%7D&__callback__=__cb__zybTrackerStatisticsAction__36deaf78_a9d1_4119_a55a_c3010d56388d__0 HTTP/1.1" 404 2467
Not Found: /hybridaction/zybTrackerStatisticsAction
[03/May/2026 04:32:27] "GET /hybridaction/zybTrackerStatisticsAction?data=%7B%7D&__callback__=__cb__zybTrackerStatisticsAction__20eda393_f310_455d_b09e_4a9abe4cdc47__2 HTTP/1.1" 404 2467
Not Found: /hybridaction/zybTrackerStatisticsAction
[03/May/2026 04:32:28] "GET /hybridaction/zybTrackerStatisticsAction?data=%7B%7D&__callback__=__cb__zybTrackerStatisticsAction__cdb00939_8dda_405b_97fa_08ac1fca0d03__3 HTTP/1.1" 404 2467
Not Found: /hybridaction/zybTrackerStatisticsAction
[03/May/2026 04:32:28] "GET /hybridaction/zybTrackerStatisticsAction?data=%7B%7D&__callback__=__cb__zybTrackerStatisticsAction__28c4442f_d354_4ed2_9271_8f3199ccd45c__4 HTTP/1.1" 404 2467
Not Found: /hybridaction/zybTrackerStatisticsAction
[03/May/2026 04:32:28] "GET /hybridaction/zybTrackerStatisticsAction?data=%7B%7D&__callback__=__cb__zybTrackerStatisticsAction__fdb91cef_2ec2_4e0c_8b79_81bab6506fb4__5 HTTP/1.1" 404 2467
Not Found: /robots.txt
[03/May/2026 04:32:29] "GET /robots.txt HTTP/1.1" 404 2277
[03/May/2026 04:34:06] "GET /webhook/ HTTP/1.1" 200 5802
Not Found: /hybridaction/zybTrackerStatisticsAction
[03/May/2026 04:34:07] "GET /hybridaction/zybTrackerStatisticsAction?data=%7B%7D&__callback__=__cb__zybTrackerStatisticsAction__69afc5ee_e9e1_4622_b7e6_855dd039449b__0 HTTP/1.1" 404 2467
Not Found: /hybridaction/zybTrackerStatisticsAction
[03/May/2026 04:34:07] "GET /hybridaction/zybTrackerStatisticsAction?data=%7B%7D&__callback__=__cb__zybTrackerStatisticsAction__0e622f72_2d13_43bb_a2ea_6da77551b01e__1 HTTP/1.1" 404 2467
Not Found: /hybridaction/zybTrackerStatisticsAction
[03/May/2026 04:34:07] "GET /hybridaction/zybTrackerStatisticsAction?data=%7B%7D&__callback__=__cb__zybTrackerStatisticsAction__ef6cf647_8c61_4e61_95cf_8ab7d32111d8__2 HTTP/1.1" 404 2467
Not Found: /hybridaction/zybTrackerStatisticsAction
[03/May/2026 04:34:07] "GET /hybridaction/zybTrackerStatisticsAction?data=%7B%7D&__callback__=__cb__zybTrackerStatisticsAction__9c7bd147_031d_41a3_b161_b2a21debe5db__3 HTTP/1.1" 404 2467
Not Found: /hybridaction/zybTrackerStatisticsAction
[03/May/2026 04:34:07] "GET /hybridaction/zybTrackerStatisticsAction?data=%7B%7D&__callback__=__cb__zybTrackerStatisticsAction__02734e9b_c261_4655_ac7e_a87ad33e9a8c__4 HTTP/1.1" 404 2467
Not Found: /hybridaction/zybTrackerStatisticsAction
[03/May/2026 04:34:07] "GET /hybridaction/zybTrackerStatisticsAction?data=%7B%7D&__callback__=__cb__zybTrackerStatisticsAction__8e5237a8_be82_4236_a1bf_7adbfa0b581c__5 HTTP/1.1" 404 2467
Not Found: /robots.txt
[03/May/2026 04:34:07] "GET /robots.txt HTTP/1.1" 404 2277
